2019-04-23 16:21:39,175 INFO root Новый пользователь Дима(id=201103513)
2019-04-23 16:21:49,666 INFO root Новый пользователь Олег(id=330390304)
2019-04-23 16:30:37,418 INFO root Новый пользователь Дима(id=201103513)
2019-04-23 16:37:50,082 INFO root Новый пользователь Дима(id=201103513)
2019-04-23 16:38:15,982 INFO root Новый пользователь Олег(id=330390304)
2019-04-25 21:23:29,235 INFO root Новый пользователь Дима(id=201103513)
2019-04-25 21:23:29,413 INFO root Дима прислал сообщение ['вики']
2019-04-25 21:25:01,115 INFO root Дима прислал сообщение ['привет']
2019-04-25 21:25:10,865 INFO root Дима прислал сообщение ['вики']
2019-04-25 21:26:07,343 INFO root Дима прислал сообщение ['вики']
2019-04-25 21:27:19,952 INFO root Новый пользователь Дима(id=201103513)
2019-04-25 21:27:20,172 INFO root Дима прислал сообщение ['ыики']
2019-04-25 21:27:23,471 INFO root Дима прислал сообщение ['вики']
2019-04-25 21:27:27,519 INFO root Дима прислал сообщение ['лень']
2019-04-25 21:31:20,190 INFO root Дима прислал сообщение ['вики']
2019-04-25 21:31:26,647 INFO root Дима прислал сообщение ['лень']
2019-04-25 21:32:24,926 INFO root Дима прислал сообщение ['httpsvkcomid330390304']
2019-04-25 21:32:26,149 INFO root Новый пользователь Олег(id=330390304)
2019-04-25 21:32:35,191 INFO root Дима прислал сообщение ['привет']
2019-04-25 21:32:36,139 INFO root Олег Недзвецкий получил сообщение от Дима Голоскок
2019-04-25 21:47:29,704 INFO root Дима прислал сообщение ['да', 'напиши', 'ты', 'уже', 'чтонибудь']
2019-04-25 21:47:30,571 INFO root Олег Недзвецкий получил сообщение от Дима Голоскок
2019-04-25 21:48:17,844 INFO root Олег прислал сообщение ['я', 'тк']
2019-04-25 21:48:18,703 INFO root Дима Голоскок получил сообщение от Олег Недзвецкий
2019-04-25 21:48:19,981 INFO root Олег прислал сообщение ['оапл']
2019-04-25 21:48:20,859 INFO root Дима Голоскок получил сообщение от Олег Недзвецкий
2019-04-25 21:48:22,513 INFO root Олег прислал сообщение ['ыды']
2019-04-25 21:48:23,398 INFO root Дима Голоскок получил сообщение от Олег Недзвецкий
2019-04-25 21:48:47,201 INFO root Дима прислал сообщение []
2019-04-25 21:51:30,421 INFO root Дима прислал сообщение ['httpsvkcomid342195912']
2019-04-25 21:51:31,280 INFO root Олег Недзвецкий получил сообщение от Дима Голоскок
2019-04-25 21:57:04,432 INFO root Дима прислал сообщение ['httpsvkcomid342195912']
2019-04-25 21:57:05,421 INFO root Олег Недзвецкий получил сообщение от Дима Голоскок
2019-04-25 21:58:32,139 INFO root Дима прислал сообщение ['httpsvkcomid342195912']
2019-04-25 21:58:33,075 INFO root Олег Недзвецкий получил сообщение от Дима Голоскок
2019-04-25 22:02:30,773 INFO root Дима прислал сообщение ['httpsvkcomid342195912']
2019-04-25 22:02:32,042 INFO root Новый пользователь Даниил(id=342195912)
2019-04-25 22:04:51,371 INFO root Дима прислал сообщение ['httpsvkcomid342195912']
2019-04-25 22:16:05,143 INFO root Дима прислал сообщение ['драсте']
2019-04-25 22:16:43,303 INFO root Дима прислал сообщение ['драсте']
2019-04-25 22:22:25,620 INFO root Дима прислал сообщение ['httpsvkcomerhmyxmcxkkhheetfq']
2019-04-25 22:22:26,840 INFO root Новый пользователь Тимофей(id=193515456)
2019-04-25 22:57:00,196 INFO root Дима прислал сообщение ['рандом']
2019-04-25 22:57:38,195 INFO root Дима прислал сообщение ['рандом']
2019-04-25 23:00:04,919 INFO root Дима прислал сообщение ['рандом']
2019-04-25 23:01:04,589 INFO root Дима прислал сообщение ['рандом']
2019-04-25 23:02:14,708 INFO root Дима прислал сообщение ['рандом']
2019-04-25 23:04:33,697 INFO root Дима прислал сообщение ['рандом']
2019-04-25 23:06:31,744 INFO root Дима прислал сообщение ['рандом']
2019-04-25 23:08:42,328 INFO root Дима прислал сообщение ['рандом']
2019-04-25 23:11:35,963 INFO root Дима прислал сообщение ['рандом']
2019-04-25 23:12:08,218 INFO root Дима прислал сообщение ['рандом']
2019-04-25 23:22:42,670 INFO root Дима прислал сообщение ['рандом']
2019-04-25 23:23:15,685 INFO root Дима прислал сообщение ['рандом']
2019-04-25 23:42:53,961 INFO root Дима прислал сообщение ['помоги']
2019-04-25 23:44:26,586 INFO root Дима прислал сообщение ['помоги']
2019-04-25 23:45:18,015 INFO root Дима прислал сообщение ['помоги']
2019-04-25 23:47:01,299 INFO root Дима прислал сообщение ['помощь']
2019-04-25 23:47:38,916 INFO root Дима прислал сообщение ['помощь']
2019-04-25 23:51:45,470 INFO root Дима прислал сообщение ['помощь']
2019-04-25 23:52:20,689 INFO root Дима прислал сообщение ['помощь']
2019-04-25 23:53:49,174 INFO root Дима прислал сообщение ['помощь']
2019-04-25 23:55:31,876 INFO root Дима прислал сообщение ['помоги']
2019-04-25 23:56:23,130 INFO root Дима прислал сообщение ['помоги']
2019-04-25 23:58:03,662 INFO root Дима прислал сообщение ['помощь']
2019-04-26 00:00:27,421 INFO root Дима прислал сообщение ['помоги']
2019-04-26 00:01:57,339 INFO root Дима прислал сообщение ['боже', 'помоги', 'и', 'спаси', 'эту', 'грешную', 'душу', 'которая', 'задолбалась']
2019-04-26 00:02:09,713 INFO root Дима прислал сообщение ['спасибо']
2019-04-26 00:03:34,713 INFO root Дима прислал сообщение ['привет']
2019-04-26 00:03:40,453 INFO root Дима прислал сообщение ['помоги', 'мне']
2019-04-26 00:06:12,904 INFO root Дима прислал сообщение ['помоги']
2019-04-26 00:06:20,000 INFO root Дима прислал сообщение ['прощай']
2019-04-26 00:06:20,063 INFO root Завершение диалога с Дима(id=201103513)
2019-04-26 15:59:58,020 INFO root Новый пользователь Дима(id=201103513)
2019-04-26 15:59:58,174 INFO root Дима прислал сообщение ['клава']
2019-04-26 16:00:03,498 INFO root Дима прислал сообщение ['help']
2019-04-26 16:06:34,097 INFO root Дима прислал сообщение ['погода', 'ленинград']
2019-04-26 16:07:37,540 INFO root Дима прислал сообщение ['погода', 'ленинград']
2019-04-26 16:08:51,164 INFO root Дима прислал сообщение ['погода', 'ленинград']
2019-04-26 16:09:35,648 INFO root Дима прислал сообщение ['погода', 'ленинград']
2019-04-26 16:19:15,744 INFO root Дима прислал сообщение ['привет']
2019-04-26 16:19:25,180 INFO root Дима прислал сообщение ['help']
2019-04-26 16:19:29,160 INFO root Дима прислал сообщение ['вики']
2019-04-26 16:19:37,369 INFO root Дима прислал сообщение ['машина']
2019-04-26 16:19:49,294 INFO root Дима прислал сообщение ['вики']
2019-04-26 16:19:54,466 INFO root Дима прислал сообщение ['кнгупцдав']
2019-04-26 16:20:00,539 INFO root Дима прислал сообщение ['вики']
2019-04-26 16:20:08,737 INFO root Дима прислал сообщение ['666']
2019-04-26 16:20:26,179 INFO root Дима прислал сообщение ['клава']
2019-04-26 16:20:30,561 INFO root Дима прислал сообщение ['погода']
2019-04-26 16:20:50,130 INFO root Дима прислал сообщение ['смоленск']
2019-04-26 16:27:55,847 INFO root Дима прислал сообщение ['привет']
2019-04-26 16:28:09,099 INFO root Дима прислал сообщение ['погода']
2019-04-26 16:28:17,264 INFO root Дима прислал сообщение ['help']
2019-04-26 16:28:21,223 INFO root Дима прислал сообщение ['погода']
2019-04-26 16:28:42,997 INFO root Дима прислал сообщение ['погода', 'санктпетербург']
2019-04-26 16:28:52,481 INFO root Дима прислал сообщение ['вики']
2019-04-26 16:29:01,892 INFO root Дима прислал сообщение ['вк']
2019-04-26 16:29:10,277 INFO root Дима прислал сообщение ['вики']
2019-04-26 16:29:18,500 INFO root Дима прислал сообщение ['вконтакте']
2019-04-26 16:37:51,818 INFO root Дима прислал сообщение ['привет']
2019-04-26 16:39:18,120 INFO root Новый пользователь Иван(id=389666640)
2019-04-26 16:39:18,401 INFO root Иван прислал сообщение ['привет']
2019-04-26 16:39:29,549 INFO root Иван прислал сообщение ['что', 'ты', 'умеешь']
2019-04-26 16:39:36,208 INFO root Иван прислал сообщение ['как', 'дела']
2019-04-26 16:39:40,905 INFO root Иван прислал сообщение ['пока']
2019-04-26 16:39:40,905 INFO root Завершение диалога с Иван(id=389666640)
2019-04-26 16:40:28,245 INFO root Новый пользователь Влад(id=84354732)
2019-04-26 16:40:28,458 INFO root Влад прислал сообщение ['привет']
2019-04-26 16:40:29,113 INFO root Иван прислал сообщение ['привет']
2019-04-26 16:40:57,383 INFO root Влад прислал сообщение ['погода']
2019-04-26 16:41:30,979 INFO root Влад прислал сообщение ['погода', 'санктперербугр']
2019-04-26 16:41:51,797 INFO root Влад прислал сообщение ['клава']
2019-04-26 16:42:10,067 INFO root Влад прислал сообщение ['вики']
2019-04-26 16:42:18,550 INFO root Влад прислал сообщение ['поговорки']
2019-04-26 16:42:58,422 INFO root Влад прислал сообщение ['вики']
2019-04-26 16:43:00,794 INFO root Влад прислал сообщение ['олдфыоашдофыа']
2019-04-26 16:43:10,626 INFO root Влад прислал сообщение ['вики']
2019-04-26 16:43:22,079 INFO root Влад прислал сообщение ['вконтакте']
2019-04-26 16:43:40,689 INFO root Влад прислал сообщение ['help']
2019-04-26 16:43:57,079 INFO root Влад прислал сообщение ['погода']
2019-04-26 16:44:29,057 INFO root Влад прислал сообщение ['спасибо']
2019-04-26 16:44:32,790 INFO root Влад прислал сообщение ['пока']
2019-04-26 16:44:32,790 INFO root Завершение диалога с Влад(id=84354732)
2019-04-26 16:44:53,061 INFO root Влад прислал сообщение ['привет']
2019-04-26 16:45:36,363 INFO root Влад прислал сообщение ['httpsvkcomdjkiruxa']
2019-04-26 16:45:37,640 INFO root Новый пользователь Кирилл(id=125268776)
2019-04-26 16:46:07,659 INFO root Влад прислал сообщение ['httpsvkcomdjkiruxa']
2019-04-26 16:46:15,351 INFO root Влад прислал сообщение ['привет']
2019-04-26 16:46:16,250 INFO root Кирилл Архипов получил сообщение от Влад Ковалёв
2019-04-26 16:46:33,336 INFO root Кирилл прислал сообщение ['привет']
2019-04-26 16:46:34,220 INFO root Влад Ковалёв получил сообщение от Кирилл Архипов
2019-04-26 16:46:44,512 INFO root Кирилл прислал сообщение ['как', 'дела']
2019-04-26 16:46:45,374 INFO root Влад Ковалёв получил сообщение от Кирилл Архипов
2019-04-26 16:47:14,945 INFO root Влад прислал сообщение ['драсте']
2019-04-26 16:47:15,892 INFO root Кирилл Архипов получил сообщение от Влад Ковалёв
2019-04-26 16:48:31,171 INFO root Влад прислал сообщение ['завершить']
2019-04-26 16:48:32,066 INFO root Кирилл Архипов получил сообщение от Влад Ковалёв
2019-04-26 16:48:41,513 INFO root Кирилл прислал сообщение ['нет']
2019-04-26 16:48:42,391 INFO root Влад Ковалёв получил сообщение от Кирилл Архипов
2019-04-26 16:48:46,567 INFO root Кирилл прислал сообщение ['не', 'завершать']
2019-04-26 16:48:47,447 INFO root Влад Ковалёв получил сообщение от Кирилл Архипов
2019-04-26 16:48:51,620 INFO root Кирилл прислал сообщение ['завершить']
2019-04-26 16:48:52,486 INFO root Влад Ковалёв получил сообщение от Кирилл Архипов
2019-04-26 16:48:56,341 INFO root Кирилл прислал сообщение ['авырвыарвыар']
2019-04-26 16:48:57,218 INFO root Влад Ковалёв получил сообщение от Кирилл Архипов
2019-04-26 16:48:58,156 INFO root Влад прислал сообщение ['неть']
2019-04-26 16:48:59,037 INFO root Кирилл Архипов получил сообщение от Влад Ковалёв
2019-04-26 16:49:41,955 INFO root Кирилл прислал сообщение ['закончить', 'диалог']
2019-04-26 16:50:28,638 INFO root Кирилл прислал сообщение ['лопилопиюлоио']
2019-04-26 16:50:29,537 INFO root Влад Ковалёв получил сообщение от Кирилл Архипов
2019-04-26 16:50:31,785 INFO root Кирилл прислал сообщение ['лортдлдл']
2019-04-26 16:50:32,654 INFO root Влад Ковалёв получил сообщение от Кирилл Архипов
2019-04-27 13:54:54,129 INFO root Дима прислал сообщение ['httpsvkcomnekroalik']
2019-04-27 13:54:55,378 INFO root Новый пользователь Олег(id=330390304)
2019-04-27 13:55:04,332 INFO root Дима прислал сообщение ['закончить', 'диалог']
2019-04-27 13:55:29,355 INFO root Дима прислал сообщение ['привет']
2019-04-27 13:55:30,220 INFO root Олег Недзвецкий получил сообщение от Дима Голоскок
2019-04-27 14:12:29,846 INFO root Дима прислал сообщение ['закончить', 'диалог']
2019-04-27 14:13:28,898 INFO root Дима прислал сообщение ['закончить', 'диалог']
